<?xml version="1.0" encoding="UTF-8"?>
<!-- Generated by org.testng.reporters.JUnitXMLReporter -->
<testsuite hostname="asharma.local" name="Surefire test" tests="4" failures="0" timestamp="16 Dec 2014 16:52:13 GMT" time="7.688" errors="0">
  <testcase name="getGoldPatternById" time="0.724" classname="com.vmware.desktone.updateGoldPatternEnabledTest"/>
  <testcase name="getGoldPatterns" time="1.009" classname="com.vmware.desktone.updateGoldPatternEnabledTest"/>
  <testcase name="updateGoldPatternEnableFlagById" time="2.292" classname="com.vmware.desktone.updateGoldPatternEnabledTest"/>
  <testcase name="validateEnableFlagForGoldPattern" time="0.701" classname="com.vmware.desktone.updateGoldPatternEnabledTest"/>
</testsuite> <!-- Surefire test -->
