<?xml version="1.0" encoding="UTF-8"?>
<testng-results skipped="0" failed="0" total="4" passed="4">
  <reporter-output>
  </reporter-output>
  <suite name="Surefire suite" duration-ms="7688" started-at="2014-12-16T16:52:06Z" finished-at="2014-12-16T16:52:13Z">
    <groups>
    </groups>
    <test name="Surefire test" duration-ms="7688" started-at="2014-12-16T16:52:06Z" finished-at="2014-12-16T16:52:13Z">
      <class name="com.vmware.desktone.updateGoldPatternEnabledTest">
        <test-method status="PASS" signature="loginAsUser()[pri:0, instance:com.vmware.desktone.updateGoldPatternEnabledTest@3290a11e]" name="loginAsUser" is-config="true" duration-ms="2952" started-at="2014-12-16T11:52:06Z" finished-at="2014-12-16T11:52:09Z">
          <reporter-output>
          </reporter-output>
        </test-method> <!-- loginAsUser -->
        <test-method status="PASS" signature="getGoldPatternById()[pri:0, instance:com.vmware.desktone.updateGoldPatternEnabledTest@3290a11e]" name="getGoldPatternById" duration-ms="724" started-at="2014-12-16T11:52:09Z" finished-at="2014-12-16T11:52:09Z">
          <reporter-output>
          </reporter-output>
        </test-method> <!-- getGoldPatternById -->
        <test-method status="PASS" signature="getGoldPatterns()[pri:0, instance:com.vmware.desktone.updateGoldPatternEnabledTest@3290a11e]" name="getGoldPatterns" duration-ms="1009" started-at="2014-12-16T11:52:09Z" finished-at="2014-12-16T11:52:10Z">
          <reporter-output>
          </reporter-output>
        </test-method> <!-- getGoldPatterns -->
        <test-method status="PASS" signature="updateGoldPatternEnableFlagById()[pri:0, instance:com.vmware.desktone.updateGoldPatternEnabledTest@3290a11e]" name="updateGoldPatternEnableFlagById" duration-ms="2292" started-at="2014-12-16T11:52:10Z" finished-at="2014-12-16T11:52:13Z">
          <reporter-output>
          </reporter-output>
        </test-method> <!-- updateGoldPatternEnableFlagById -->
        <test-method status="PASS" signature="validateEnableFlagForGoldPattern()[pri:0, instance:com.vmware.desktone.updateGoldPatternEnabledTest@3290a11e]" name="validateEnableFlagForGoldPattern" duration-ms="701" started-at="2014-12-16T11:52:13Z" finished-at="2014-12-16T11:52:13Z">
          <reporter-output>
          </reporter-output>
        </test-method> <!-- validateEnableFlagForGoldPattern -->
      </class> <!-- com.vmware.desktone.updateGoldPatternEnabledTest -->
    </test> <!-- Surefire test -->
  </suite> <!-- Surefire suite -->
</testng-results>
